app/build/outputs/logs/manifest-merger-debug-report.txt
-- Merging decision tree log ---
manifest
ADDED from src\main\AndroidManifest.xml:2:1-524:12
	package
		ADDED from src\main\AndroidManifest.xml:3:5-33
		INJECTED from src\main\AndroidManifest.xml
		INJECTED from src\main\AndroidManifest.xml
	android:versionName
		INJECTED from src\main\AndroidManifest.xml
		INJECTED from src\main\AndroidManifest.xml
	xmlns:android
		ADDED from src\main\AndroidManifest.xml:2:11-69
	android:versionCode
		INJECTED from src\main\AndroidManifest.xml
		INJECTED from src\main\AndroidManifest.xml
supports-screens
ADDED from src\main\AndroidManifest.xml:5:5-10:39
MERGED from [:lib.5plus.base-release:] AndroidManifest.xml:9:5-14:39
	android:largeScreens
		ADDED from src\main\AndroidManifest.xml:7:9-36
	android:smallScreens
		ADDED from src\main\AndroidManifest.xml:10:9-36
	android:normalScreens
		ADDED from src\main\AndroidManifest.xml:8:9-37
	android:resizeable
		ADDED from src\main\AndroidManifest.xml:9:9-34
	android:anyDensity
		ADDED from src\main\AndroidManifest.xml:6:9-34
uses-permission#android.permission.CAMERA
ADDED from src\main\AndroidManifest.xml:13:5-65
MERGED from [:lib.5plus.base-release:] AndroidManifest.xml:29:5-65
	android:name
		ADDED from src\main\AndroidManifest.xml:13:22-62
uses-permission#android.permission.WRITE_EXTERNAL_STORAGE
ADDED from src\main\AndroidManifest.xml:14:5-81
MERGED from [:lib.5plus.base-release:] AndroidManifest.xml:16:5-81
	android:name
		ADDED from src\main\AndroidManifest.xml:14:22-78
uses-feature#android.hardware.camera
ADDED from src\main\AndroidManifest.xml:16:5-60
MERGED from [:lib.5plus.base-release:] AndroidManifest.xml:38:5-60
	android:name
		ADDED from src\main\AndroidManifest.xml:16:19-57
uses-feature#android.hardware.camera.autofocus
ADDED from src\main\AndroidManifest.xml:17:5-70
MERGED from [:lib.5plus.base-release:] AndroidManifest.xml:24:5-70
	android:name
		ADDED from src\main\AndroidManifest.xml:17:19-67
uses-permission#android.permission.VIBRATE
ADDED from src\main\AndroidManifest.xml:19:5-66
	android:name
		ADDED from src\main\AndroidManifest.xml:19:22-63
uses-permission#android.permission.FLASHLIGHT
ADDED from src\main\AndroidManifest.xml:20:5-69
MERGED from [:lib.5plus.base-release:] AndroidManifest.xml:36:5-69
	android:name
		ADDED from src\main\AndroidManifest.xml:20:22-66
uses-permission#android.permission.INTERNET
ADDED from src\main\AndroidManifest.xml:26:5-67
MERGED from [:lib.5plus.base-release:] AndroidManifest.xml:17:5-67
MERGED from [:lib.5plus.base-release:] AndroidManifest.xml:34:5-67
	android:name
		ADDED from src\main\AndroidManifest.xml:26:22-64
uses-permission#android.permission.ACCESS_COARSE_LOCATION
ADDED from src\main\AndroidManifest.xml:28:5-81
	android:name
		ADDED from src\main\AndroidManifest.xml:28:22-78
uses-permission#android.permission.ACCESS_FINE_LOCATION
ADDED from src\main\AndroidManifest.xml:29:5-79
	android:name
		ADDED from src\main\AndroidManifest.xml:29:22-76
uses-permission#android.permission.WRITE_SETTINGS
ADDED from src\main\AndroidManifest.xml:30:5-73
	android:name
		ADDED from src\main\AndroidManifest.xml:30:22-70
uses-permission#android.permission.ACCESS_NETWORK_STATE
ADDED from src\main\AndroidManifest.xml:31:5-79
MERGED from [:lib.5plus.base-release:] AndroidManifest.xml:18:5-79
MERGED from [:lib.5plus.base-release:] AndroidManifest.xml:27:5-79
	android:name
		ADDED from src\main\AndroidManifest.xml:31:22-76
uses-permission#android.permission.CHANGE_WIFI_STATE
ADDED from src\main\AndroidManifest.xml:32:5-76
	android:name
		ADDED from src\main\AndroidManifest.xml:32:22-73
uses-permission#android.permission.READ_PHONE_STATE
ADDED from src\main\AndroidManifest.xml:33:5-75
MERGED from [:lib.5plus.base-release:] AndroidManifest.xml:35:5-75
	android:name
		ADDED from src\main\AndroidManifest.xml:33:22-72
uses-permission#android.permission.MOUNT_UNMOUNT_FILESYSTEMS
ADDED from src\main\AndroidManifest.xml:34:5-84
	android:name
		ADDED from src\main\AndroidManifest.xml:34:22-81
uses-permission#android.permission.READ_LOGS
ADDED from src\main\AndroidManifest.xml:35:5-68
	android:name
		ADDED from src\main\AndroidManifest.xml:35:22-65
uses-permission#android.permission.WAKE_LOCK
ADDED from src\main\AndroidManifest.xml:71:5-68
	android:name
		ADDED from src\main\AndroidManifest.xml:71:22-65
uses-permission#android.permission.RECEIVE_BOOT_COMPLETED
ADDED from src\main\AndroidManifest.xml:72:5-81
	android:name
		ADDED from src\main\AndroidManifest.xml:72:22-78
uses-permission#android.permission.ACCESS_WIFI_STATE
ADDED from src\main\AndroidManifest.xml:75:5-76
MERGED from [:lib.5plus.base-release:] AndroidManifest.xml:22:5-76
	android:name
		ADDED from src\main\AndroidManifest.xml:75:22-73
uses-permission#android.permission.CALL_PHONE
ADDED from src\main\AndroidManifest.xml:76:5-69
	android:name
		ADDED from src\main\AndroidManifest.xml:76:22-66
uses-permission#getui.permission.GetuiService.com.HBuilder.integrate
ADDED from src\main\AndroidManifest.xml:77:5-92
	android:name
		ADDED from src\main\AndroidManifest.xml:77:22-89
permission#getui.permission.GetuiService.com.haihong.dianqu
ADDED from src\main\AndroidManifest.xml:79:5-81:44
	android:protectionLevel
		ADDED from src\main\AndroidManifest.xml:81:9-41
	android:name
		ADDED from src\main\AndroidManifest.xml:80:9-72
uses-permission#android.permission.ACCESS_MOCK_LOCATION
ADDED from src\main\AndroidManifest.xml:96:5-79
	android:name
		ADDED from src\main\AndroidManifest.xml:96:22-76
uses-permission#android.permission.MODIFY_AUDIO_SETTINGS
ADDED from src\main\AndroidManifest.xml:98:5-80
	android:name
		ADDED from src\main\AndroidManifest.xml:98:22-77
uses-permission#android.permission.RECORD_AUDIO
ADDED from src\main\AndroidManifest.xml:106:5-71
MERGED from [:lib.5plus.base-release:] AndroidManifest.xml:31:5-71
	android:name
		ADDED from src\main\AndroidManifest.xml:106:22-68
uses-permission#android.permission.CHANGE_NETWORK_STATE
ADDED from src\main\AndroidManifest.xml:109:5-79
MERGED from [:lib.5plus.base-release:] AndroidManifest.xml:20:5-79
	android:name
		ADDED from src\main\AndroidManifest.xml:109:22-76
uses-permission#android.permission.RECEIVE_USER_PRESENT
ADDED from src\main\AndroidManifest.xml:118:5-79
	android:name
		ADDED from src\main\AndroidManifest.xml:118:22-76
uses-permission#com.xiaomi.permission.AUTH_SERVICE
ADDED from src\main\AndroidManifest.xml:123:5-74
	android:name
		ADDED from src\main\AndroidManifest.xml:123:22-71
uses-permission#android.permission.GET_ACCOUNTS
ADDED from src\main\AndroidManifest.xml:126:5-71
MERGED from [:lib.5plus.base-release:] AndroidManifest.xml:30:5-71
	android:name
		ADDED from src\main\AndroidManifest.xml:126:22-68
uses-permission#android.permission.READ_PROFILE
ADDED from src\main\AndroidManifest.xml:127:5-71
	android:name
		ADDED from src\main\AndroidManifest.xml:127:22-68
uses-permission#android.permission.READ_CONTACTS
ADDED from src\main\AndroidManifest.xml:128:5-72
MERGED from [:lib.5plus.base-release:] AndroidManifest.xml:21:5-72
	android:name
		ADDED from src\main\AndroidManifest.xml:128:22-69
application
ADDED from src\main\AndroidManifest.xml:131:5-522:19
MERGED from [:lib.5plus.base-release:] AndroidManifest.xml:77:5-222:19
MERGED from [com.android.support:design:23.1.1] AndroidManifest.xml:22:5-20
MERGED from [com.android.support:appcompat-v7:23.4.0] AndroidManifest.xml:25:5-20
MERGED from [com.android.support:animated-vector-drawable:23.4.0] AndroidManifest.xml:7:5-20
MERGED from [com.android.support:support-vector-drawable:23.4.0] AndroidManifest.xml:7:5-20
MERGED from [com.android.support:support-v4:23.4.0] AndroidManifest.xml:22:5-20
MERGED from [com.android.support.constraint:constraint-layout:1.1.3] AndroidManifest.xml:9:5-20
	android:label
		ADDED from src\main\AndroidManifest.xml:136:9-41
	android:supportsRtl
		ADDED from src\main\AndroidManifest.xml:138:9-35
	android:allowClearUserData
		ADDED from src\main\AndroidManifest.xml:134:9-42
	android:allowBackup
		ADDED from src\main\AndroidManifest.xml:133:9-35
	android:icon
		ADDED from src\main\AndroidManifest.xml:135:9-38
	android:largeHeap
		ADDED from src\main\AndroidManifest.xml:137:9-33
	android:name
		ADDED from src\main\AndroidManifest.xml:132:9-63
meta-data#UMENG_APPKEY
ADDED from src\main\AndroidManifest.xml:144:9-146:46
	android:value
		ADDED from src\main\AndroidManifest.xml:146:13-43
	android:name
		ADDED from src\main\AndroidManifest.xml:145:13-40
meta-data#UMENG_CHANNEL
ADDED from src\main\AndroidManifest.xml:147:9-149:42
	android:value
		ADDED from src\main\AndroidManifest.xml:149:13-39
	android:name
		ADDED from src\main\AndroidManifest.xml:148:13-41
meta-data#QQ_APPID
ADDED from src\main\AndroidManifest.xml:172:9-174:39
	android:value
		ADDED from src\main\AndroidManifest.xml:174:13-36
	android:name
		ADDED from src\main\AndroidManifest.xml:173:13-36
activity#com.tencent.tauth.AuthActivity
ADDED from src\main\AndroidManifest.xml:176:9-188:20
	android:launchMode
		ADDED from src\main\AndroidManifest.xml:178:13-44
	android:noHistory
		ADDED from src\main\AndroidManifest.xml:179:13-37
	android:name
		ADDED from src\main\AndroidManifest.xml:177:13-58
intent-filter#android.intent.action.VIEW+android.intent.category.BROWSABLE+android.intent.category.DEFAULT
ADDED from src\main\AndroidManifest.xml:180:13-187:29
action#android.intent.action.VIEW
ADDED from src\main\AndroidManifest.xml:181:17-69
	android:name
		ADDED from src\main\AndroidManifest.xml:181:25-66
category#android.intent.category.DEFAULT
ADDED from src\main\AndroidManifest.xml:183:17-76
	android:name
		ADDED from src\main\AndroidManifest.xml:183:27-73
category#android.intent.category.BROWSABLE
ADDED from src\main\AndroidManifest.xml:184:17-78
	android:name
		ADDED from src\main\AndroidManifest.xml:184:27-75
data
ADDED from src\main\AndroidManifest.xml:186:17-50
	android:scheme
		ADDED from src\main\AndroidManifest.xml:186:23-47
activity#com.tencent.connect.common.AssistActivity
ADDED from src\main\AndroidManifest.xml:189:9-192:75
	android:screenOrientation
		ADDED from src\main\AndroidManifest.xml:191:13-49
	android:theme
		ADDED from src\main\AndroidManifest.xml:192:13-72
	android:name
		ADDED from src\main\AndroidManifest.xml:190:13-69
meta-data#IFLY_APPKEY
ADDED from src\main\AndroidManifest.xml:206:9-208:40
	android:value
		ADDED from src\main\AndroidManifest.xml:208:13-37
	android:name
		ADDED from src\main\AndroidManifest.xml:207:13-39
meta-data#PUSH_APPID
ADDED from src\main\AndroidManifest.xml:218:9-220:54
	android:value
		ADDED from src\main\AndroidManifest.xml:220:13-51
	android:name
		ADDED from src\main\AndroidManifest.xml:219:13-38
meta-data#PUSH_APPKEY
ADDED from src\main\AndroidManifest.xml:221:9-223:54
	android:value
		ADDED from src\main\AndroidManifest.xml:223:13-51
	android:name
		ADDED from src\main\AndroidManifest.xml:222:13-39
meta-data#PUSH_APPSECRET
ADDED from src\main\AndroidManifest.xml:224:9-226:54
	android:value
		ADDED from src\main\AndroidManifest.xml:226:13-51
	android:name
		ADDED from src\main\AndroidManifest.xml:225:13-42
service#com.igexin.sdk.PushService
ADDED from src\main\AndroidManifest.xml:228:9-236:19
	android:process
		ADDED from src\main\AndroidManifest.xml:232:13-43
	android:label
		ADDED from src\main\AndroidManifest.xml:231:13-47
	android:exported
		ADDED from src\main\AndroidManifest.xml:230:13-36
	android:name
		ADDED from src\main\AndroidManifest.xml:229:13-54
intent-filter#com.igexin.sdk.action.service.message
ADDED from src\main\AndroidManifest.xml:233:13-235:29
action#com.igexin.sdk.action.service.message
ADDED from src\main\AndroidManifest.xml:234:17-80
	android:name
		ADDED from src\main\AndroidManifest.xml:234:25-77
receiver#com.igexin.sdk.PushReceiver
ADDED from src\main\AndroidManifest.xml:238:9-248:20
	android:name
		ADDED from src\main\AndroidManifest.xml:238:19-61
intent-filter#android.intent.action.ACTION_POWER_CONNECTED+android.intent.action.ACTION_POWER_DISCONNECTED+android.intent.action.BOOT_COMPLETED+android.intent.action.MEDIA_MOUNTED+android.intent.action.USER_PRESENT+android.net.conn.CONNECTIVITY_CHANGE+com.igexin.sdk.action.refreshls
ADDED from src\main\AndroidManifest.xml:239:13-247:29
action#android.intent.action.BOOT_COMPLETED
ADDED from src\main\AndroidManifest.xml:240:17-79
	android:name
		ADDED from src\main\AndroidManifest.xml:240:25-76
action#android.net.conn.CONNECTIVITY_CHANGE
ADDED from src\main\AndroidManifest.xml:241:17-79
	android:name
		ADDED from src\main\AndroidManifest.xml:241:25-76
action#android.intent.action.USER_PRESENT
ADDED from src\main\AndroidManifest.xml:242:17-77
	android:name
		ADDED from src\main\AndroidManifest.xml:242:25-74
action#com.igexin.sdk.action.refreshls
ADDED from src\main\AndroidManifest.xml:243:17-74
	android:name
		ADDED from src\main\AndroidManifest.xml:243:25-71
action#android.intent.action.MEDIA_MOUNTED
ADDED from src\main\AndroidManifest.xml:244:17-78
	android:name
		ADDED from src\main\AndroidManifest.xml:244:25-75
action#android.intent.action.ACTION_POWER_CONNECTED
ADDED from src\main\AndroidManifest.xml:245:17-87
	android:name
		ADDED from src\main\AndroidManifest.xml:245:25-84
action#android.intent.action.ACTION_POWER_DISCONNECTED
ADDED from src\main\AndroidManifest.xml:246:17-90
	android:name
		ADDED from src\main\AndroidManifest.xml:246:25-87
activity#com.igexin.sdk.PushActivity
ADDED from src\main\AndroidManifest.xml:250:9-256:75
	android:process
		ADDED from src\main\AndroidManifest.xml:254:13-43
	android:excludeFromRecents
		ADDED from src\main\AndroidManifest.xml:252:13-46
	android:exported
		ADDED from src\main\AndroidManifest.xml:253:13-37
	android:theme
		ADDED from src\main\AndroidManifest.xml:256:13-72
	android:taskAffinity
		ADDED from src\main\AndroidManifest.xml:255:13-67
	android:name
		ADDED from src\main\AndroidManifest.xml:251:13-55
activity#com.igexin.sdk.GActivity
ADDED from src\main\AndroidManifest.xml:257:9-263:75
	android:process
		ADDED from src\main\AndroidManifest.xml:261:13-43
	android:excludeFromRecents
		ADDED from src\main\AndroidManifest.xml:259:13-46
	android:exported
		ADDED from src\main\AndroidManifest.xml:260:13-36
	android:theme
		ADDED from src\main\AndroidManifest.xml:263:13-72
	android:taskAffinity
		ADDED from src\main\AndroidManifest.xml:262:13-67
	android:name
		ADDED from src\main\AndroidManifest.xml:258:13-52
receiver#io.dcloud.feature.apsGt.GTNotificationReceiver
ADDED from src\main\AndroidManifest.xml:265:9-273:20
	android:name
		ADDED from src\main\AndroidManifest.xml:265:19-80
intent-filter#android.intent.action.BOOT_COMPLETED+com.HBuilder.integrate.__CLEAR_NOTIFICATION+com.HBuilder.integrate.__CLILK_NOTIFICATION+com.HBuilder.integrate.__CREATE_NOTIFICATION+com.HBuilder.integrate.__REMOVE_NOTIFICATION
ADDED from src\main\AndroidManifest.xml:266:13-272:29
action#com.HBuilder.integrate.__CREATE_NOTIFICATION
ADDED from src\main\AndroidManifest.xml:268:17-87
	android:name
		ADDED from src\main\AndroidManifest.xml:268:25-84
action#com.HBuilder.integrate.__REMOVE_NOTIFICATION
ADDED from src\main\AndroidManifest.xml:269:17-87
	android:name
		ADDED from src\main\AndroidManifest.xml:269:25-84
action#com.HBuilder.integrate.__CLEAR_NOTIFICATION
ADDED from src\main\AndroidManifest.xml:270:17-86
	android:name
		ADDED from src\main\AndroidManifest.xml:270:25-83
action#com.HBuilder.integrate.__CLILK_NOTIFICATION
ADDED from src\main\AndroidManifest.xml:271:17-86
	android:name
		ADDED from src\main\AndroidManifest.xml:271:25-83
service#io.dcloud.feature.apsGt.GTNormalIntentService
ADDED from src\main\AndroidManifest.xml:275:9-81
	android:name
		ADDED from src\main\AndroidManifest.xml:275:18-78
service#io.dcloud.feature.apsGt.GTNormalPushService
ADDED from src\main\AndroidManifest.xml:276:9-280:46
	android:process
		ADDED from src\main\AndroidManifest.xml:280:13-43
	android:label
		ADDED from src\main\AndroidManifest.xml:279:13-40
	android:exported
		ADDED from src\main\AndroidManifest.xml:278:13-36
	android:name
		ADDED from src\main\AndroidManifest.xml:277:13-71
meta-data#SINA_REDIRECT_URI
ADDED from src\main\AndroidManifest.xml:288:9-290:53
	android:value
		ADDED from src\main\AndroidManifest.xml:290:13-50
	android:name
		ADDED from src\main\AndroidManifest.xml:289:13-45
meta-data#SINA_SECRET
ADDED from src\main\AndroidManifest.xml:291:9-293:53
	android:value
		ADDED from src\main\AndroidManifest.xml:293:13-50
	android:name
		ADDED from src\main\AndroidManifest.xml:292:13-39
meta-data#SINA_APPKEY
ADDED from src\main\AndroidManifest.xml:294:9-296:65
	android:value
		ADDED from src\main\AndroidManifest.xml:296:13-62
	android:name
		ADDED from src\main\AndroidManifest.xml:295:13-39
activity#com.sina.weibo.sdk.web.WeiboSdkWebActivity
ADDED from src\main\AndroidManifest.xml:298:9-302:58
	android:exported
		ADDED from src\main\AndroidManifest.xml:301:13-37
	android:windowSoftInputMode
		ADDED from src\main\AndroidManifest.xml:302:13-55
	android:configChanges
		ADDED from src\main\AndroidManifest.xml:300:13-63
	android:name
		ADDED from src\main\AndroidManifest.xml:299:13-70
activity#com.sina.weibo.sdk.share.WbShareTransActivity
ADDED from src\main\AndroidManifest.xml:303:9-312:20
	android:launchMode
		ADDED from src\main\AndroidManifest.xml:305:13-44
	android:theme
		ADDED from src\main\AndroidManifest.xml:306:13-83
	android:name
		ADDED from src\main\AndroidManifest.xml:304:13-73
intent-filter#android.intent.category.DEFAULT+com.sina.weibo.sdk.action.ACTION_SDK_REQ_ACTIVITY
ADDED from src\main\AndroidManifest.xml:307:13-311:29
action#com.sina.weibo.sdk.action.ACTION_SDK_REQ_ACTIVITY
ADDED from src\main\AndroidManifest.xml:308:17-92
	android:name
		ADDED from src\main\AndroidManifest.xml:308:25-89
meta-data#TENCENT_REDIRECT_URI
ADDED from src\main\AndroidManifest.xml:318:9-320:53
	android:value
		ADDED from src\main\AndroidManifest.xml:320:13-50
	android:name
		ADDED from src\main\AndroidManifest.xml:319:13-48
meta-data#TENCENT_SECRET
ADDED from src\main\AndroidManifest.xml:321:9-323:53
	android:value
		ADDED from src\main\AndroidManifest.xml:323:13-50
	android:name
		ADDED from src\main\AndroidManifest.xml:322:13-42
meta-data#TENCENT_APPKEY
ADDED from src\main\AndroidManifest.xml:324:9-326:65
	android:value
		ADDED from src\main\AndroidManifest.xml:326:13-62
	android:name
		ADDED from src\main\AndroidManifest.xml:325:13-42
activity#io.dcloud.share.tencent.WebAuthorize
ADDED from src\main\AndroidManifest.xml:328:9-330:63
	android:theme
		ADDED from src\main\AndroidManifest.xml:330:13-60
	android:name
		ADDED from src\main\AndroidManifest.xml:329:13-64
meta-data#WX_SECRET
ADDED from src\main\AndroidManifest.xml:332:9-334:64
	android:value
		ADDED from src\main\AndroidManifest.xml:334:13-61
	android:name
		ADDED from src\main\AndroidManifest.xml:333:13-37
meta-data#WX_APPID
ADDED from src\main\AndroidManifest.xml:335:9-337:50
	android:value
		ADDED from src\main\AndroidManifest.xml:337:13-47
	android:name
		ADDED from src\main\AndroidManifest.xml:336:13-36
activity#com.haihong.dianqu.wxapi.WXEntryActivity
ADDED from src\main\AndroidManifest.xml:339:9-351:20
	android:label
		ADDED from src\main\AndroidManifest.xml:342:13-45
	android:launchMode
		ADDED from src\main\AndroidManifest.xml:343:13-43
	android:exported
		ADDED from src\main\AndroidManifest.xml:341:13-36
	android:name
		ADDED from src\main\AndroidManifest.xml:340:13-68
intent-filter#android.intent.action.VIEW+android.intent.category.DEFAULT
ADDED from src\main\AndroidManifest.xml:344:13-350:29
activity#com.alipay.sdk.app.H5PayActivity
ADDED from src\main\AndroidManifest.xml:356:9-361:70
	android:screenOrientation
		ADDED from src\main\AndroidManifest.xml:360:13-47
	android:exported
		ADDED from src\main\AndroidManifest.xml:359:13-37
	android:windowSoftInputMode
		ADDED from src\main\AndroidManifest.xml:361:13-67
	android:configChanges
		ADDED from src\main\AndroidManifest.xml:358:13-74
	android:name
		ADDED from src\main\AndroidManifest.xml:357:13-60
activity#com.alipay.sdk.auth.AuthActivity
ADDED from src\main\AndroidManifest.xml:362:9-366:50
	android:screenOrientation
		ADDED from src\main\AndroidManifest.xml:366:13-47
	android:exported
		ADDED from src\main\AndroidManifest.xml:365:13-37
	android:configChanges
		ADDED from src\main\AndroidManifest.xml:364:13-74
	android:name
		ADDED from src\main\AndroidManifest.xml:363:13-60
activity#com.haihong.dianqu.wxapi.WXPayEntryActivity
ADDED from src\main\AndroidManifest.xml:371:9-374:46
	android:launchMode
		ADDED from src\main\AndroidManifest.xml:374:13-43
	android:exported
		ADDED from src\main\AndroidManifest.xml:373:13-36
	android:name
		ADDED from src\main\AndroidManifest.xml:372:13-71
meta-data#MIUI_APPID
ADDED from src\main\AndroidManifest.xml:382:9-384:45
	android:value
		ADDED from src\main\AndroidManifest.xml:384:13-42
	android:name
		ADDED from src\main\AndroidManifest.xml:383:13-38
meta-data#MIUI_APPSECRET
ADDED from src\main\AndroidManifest.xml:385:9-387:48
	android:value
		ADDED from src\main\AndroidManifest.xml:387:13-45
	android:name
		ADDED from src\main\AndroidManifest.xml:386:13-42
meta-data#MIUI_REDIRECT_URI
ADDED from src\main\AndroidManifest.xml:388:9-390:43
	android:value
		ADDED from src\main\AndroidManifest.xml:390:13-40
	android:name
		ADDED from src\main\AndroidManifest.xml:389:13-45
activity#com.xiaomi.account.openauth.AuthorizeActivity
ADDED from src\main\AndroidManifest.xml:392:9-82
	android:name
		ADDED from src\main\AndroidManifest.xml:392:19-79
service#com.xiaomi.push.service.XMPushService
ADDED from src\main\AndroidManifest.xml:403:9-406:46
	android:enabled
		ADDED from src\main\AndroidManifest.xml:405:13-35
	android:process
		ADDED from src\main\AndroidManifest.xml:406:13-43
	android:name
		ADDED from src\main\AndroidManifest.xml:404:13-65
service#com.xiaomi.push.service.XMJobService
ADDED from src\main\AndroidManifest.xml:407:9-412:46
	android:enabled
		ADDED from src\main\AndroidManifest.xml:409:13-35
	android:process
		ADDED from src\main\AndroidManifest.xml:412:13-43
	android:exported
		ADDED from src\main\AndroidManifest.xml:410:13-37
	android:permission
		ADDED from src\main\AndroidManifest.xml:411:13-69
	android:name
		ADDED from src\main\AndroidManifest.xml:408:13-64
service#com.xiaomi.mipush.sdk.PushMessageHandler
ADDED from src\main\AndroidManifest.xml:413:9-416:39
	android:enabled
		ADDED from src\main\AndroidManifest.xml:415:13-35
	android:exported
		ADDED from src\main\AndroidManifest.xml:416:13-36
	android:name
		ADDED from src\main\AndroidManifest.xml:414:13-68
service#com.xiaomi.mipush.sdk.MessageHandleService
ADDED from src\main\AndroidManifest.xml:417:9-419:38
	android:enabled
		ADDED from src\main\AndroidManifest.xml:419:13-35
	android:name
		ADDED from src\main\AndroidManifest.xml:418:13-70
receiver#com.xiaomi.push.service.receivers.NetworkStatusReceiver
ADDED from src\main\AndroidManifest.xml:421:9-429:20
	android:exported
		ADDED from src\main\AndroidManifest.xml:423:13-36
	android:name
		ADDED from src\main\AndroidManifest.xml:422:13-83
intent-filter#android.intent.category.DEFAULT+android.net.conn.CONNECTIVITY_CHANGE
ADDED from src\main\AndroidManifest.xml:424:13-428:29
receiver#com.xiaomi.push.service.receivers.PingReceiver
ADDED from src\main\AndroidManifest.xml:430:9-437:20
	android:process
		ADDED from src\main\AndroidManifest.xml:433:13-43
	android:exported
		ADDED from src\main\AndroidManifest.xml:432:13-37
	android:name
		ADDED from src\main\AndroidManifest.xml:431:13-74
intent-filter#com.xiaomi.push.PING_TIMER
ADDED from src\main\AndroidManifest.xml:434:13-436:29
action#com.xiaomi.push.PING_TIMER
ADDED from src\main\AndroidManifest.xml:435:17-69
	android:name
		ADDED from src\main\AndroidManifest.xml:435:25-66
receiver#io.dcloud.feature.apsXm.XMMessageReceiver
ADDED from src\main\AndroidManifest.xml:438:9-450:20
	android:exported
		ADDED from src\main\AndroidManifest.xml:440:13-36
	android:name
		ADDED from src\main\AndroidManifest.xml:439:13-69
intent-filter#com.xiaomi.mipush.RECEIVE_MESSAGE
ADDED from src\main\AndroidManifest.xml:441:13-443:29
action#com.xiaomi.mipush.RECEIVE_MESSAGE
ADDED from src\main\AndroidManifest.xml:442:17-76
	android:name
		ADDED from src\main\AndroidManifest.xml:442:25-73
intent-filter#com.xiaomi.mipush.MESSAGE_ARRIVED
ADDED from src\main\AndroidManifest.xml:444:13-446:29
action#com.xiaomi.mipush.MESSAGE_ARRIVED
ADDED from src\main\AndroidManifest.xml:445:17-76
	android:name
		ADDED from src\main\AndroidManifest.xml:445:25-73
intent-filter#com.xiaomi.mipush.ERROR
ADDED from src\main\AndroidManifest.xml:447:13-449:29
action#com.xiaomi.mipush.ERROR
ADDED from src\main\AndroidManifest.xml:448:17-66
	android:name
		ADDED from src\main\AndroidManifest.xml:448:25-63
receiver#io.dcloud.feature.apsXm.XMNotificationReceiver
ADDED from src\main\AndroidManifest.xml:451:9-461:20
	android:exported
		ADDED from src\main\AndroidManifest.xml:453:13-36
	android:name
		ADDED from src\main\AndroidManifest.xml:452:13-74
activity#io.dcloud.PandoraEntry
ADDED from src\main\AndroidManifest.xml:468:9-480:20
	android:screenOrientation
		ADDED from src\main\AndroidManifest.xml:472:13-45
	android:hardwareAccelerated
		ADDED from src\main\AndroidManifest.xml:471:13-47
	android:windowSoftInputMode
		ADDED from src\main\AndroidManifest.xml:474:13-55
	android:configChanges
		ADDED from src\main\AndroidManifest.xml:470:13-92
	android:theme
		ADDED from src\main\AndroidManifest.xml:473:13-52
	android:name
		ADDED from src\main\AndroidManifest.xml:469:13-50
meta-data#DCLOUD_STREAMAPP_CHANNEL
ADDED from src\main\AndroidManifest.xml:487:9-489:62
	android:value
		ADDED from src\main\AndroidManifest.xml:489:13-59
	android:name
		ADDED from src\main\AndroidManifest.xml:488:13-52
activity#com.haihong.dianqu.ActivityEntry
ADDED from src\main\AndroidManifest.xml:493:9-505:20
	android:screenOrientation
		ADDED from src\main\AndroidManifest.xml:498:13-45
	android:label
		ADDED from src\main\AndroidManifest.xml:496:13-45
	android:launchMode
		ADDED from src\main\AndroidManifest.xml:497:13-44
	android:windowSoftInputMode
		ADDED from src\main\AndroidManifest.xml:499:13-55
	android:configChanges
		ADDED from src\main\AndroidManifest.xml:495:13-63
	android:name
		ADDED from src\main\AndroidManifest.xml:494:13-60
intent-filter#android.intent.action.MAIN+android.intent.category.LAUNCHER
ADDED from src\main\AndroidManifest.xml:500:13-504:29
action#android.intent.action.MAIN
ADDED from src\main\AndroidManifest.xml:501:17-69
	android:name
		ADDED from src\main\AndroidManifest.xml:501:25-66
category#android.intent.category.LAUNCHER
ADDED from src\main\AndroidManifest.xml:503:17-77
	android:name
		ADDED from src\main\AndroidManifest.xml:503:27-74
activity#com.haihong.dianqu.SDK_WebApp
ADDED from src\main\AndroidManifest.xml:506:9-511:20
	android:screenOrientation
		ADDED from src\main\AndroidManifest.xml:509:13-45
	android:configChanges
		ADDED from src\main\AndroidManifest.xml:508:13-112
	android:theme
		ADDED from src\main\AndroidManifest.xml:510:13-47
	android:name
		ADDED from src\main\AndroidManifest.xml:507:13-57
activity#com.haihong.dianqu.SDK_WebView
ADDED from src\main\AndroidManifest.xml:512:9-516:50
	android:screenOrientation
		ADDED from src\main\AndroidManifest.xml:515:13-47
	android:configChanges
		ADDED from src\main\AndroidManifest.xml:514:13-112
	android:theme
		ADDED from src\main\AndroidManifest.xml:516:13-47
	android:name
		ADDED from src\main\AndroidManifest.xml:513:13-58
activity#com.haihong.dianqu.MainActivity
ADDED from src\main\AndroidManifest.xml:518:9-521:68
	android:label
		ADDED from src\main\AndroidManifest.xml:520:13-56
	android:theme
		ADDED from src\main\AndroidManifest.xml:521:13-56
	android:name
		ADDED from src\main\AndroidManifest.xml:519:13-59
uses-sdk
INJECTED from src\main\AndroidManifest.xml reason: use-sdk injection requested
MERGED from [com.android.support:multidex:1.0.1] AndroidManifest.xml:18:5-42
MERGED from [:lib.5plus.base-release:] AndroidManifest.xml:7:5-44
MERGED from [com.android.support:design:23.1.1] AndroidManifest.xml:20:5-43
MERGED from [com.android.support:appcompat-v7:23.4.0] AndroidManifest.xml:21:5-23:78
MERGED from [com.android.support:animated-vector-drawable:23.4.0] AndroidManifest.xml:5:5-44
MERGED from [com.android.support:support-vector-drawable:23.4.0] AndroidManifest.xml:5:5-43
MERGED from [com.android.support:recyclerview-v7:23.1.1] AndroidManifest.xml:20:5-43
MERGED from [com.android.support:support-v4:23.4.0] AndroidManifest.xml:20:5-43
MERGED from [com.android.support.constraint:constraint-layout:1.1.3] AndroidManifest.xml:5:5-7:41
	tools:overrideLibrary
		ADDED from [com.android.support:appcompat-v7:23.4.0] AndroidManifest.xml:23:9-75
	android:targetSdkVersion
		INJECTED from src\main\AndroidManifest.xml
		INJECTED from src\main\AndroidManifest.xml
	android:minSdkVersion
		INJECTED from src\main\AndroidManifest.xml
		INJECTED from src\main\AndroidManifest.xml
uses-permission#android.permission.GET_TASKS
ADDED from [:lib.5plus.base-release:] AndroidManifest.xml:19:5-68
	android:name
		ADDED from [:lib.5plus.base-release:] AndroidManifest.xml:19:22-65
uses-permission#android.permission.WRITE_CONTACTS
ADDED from [:lib.5plus.base-release:] AndroidManifest.xml:26:5-73
	android:name
		ADDED from [:lib.5plus.base-release:] AndroidManifest.xml:26:22-70
uses-permission#com.android.launcher.permission.UNINSTALL_SHORTCUT
ADDED from [:lib.5plus.base-release:] AndroidManifest.xml:28:5-90
	android:name
		ADDED from [:lib.5plus.base-release:] AndroidManifest.xml:28:22-87
uses-permission#com.android.launcher.permission.INSTALL_SHORTCUT
ADDED from [:lib.5plus.base-release:] AndroidManifest.xml:32:5-88
	android:name
		ADDED from [:lib.5plus.base-release:] AndroidManifest.xml:32:22-85
uses-permission#android.permission.SEND_SMS
ADDED from [:lib.5plus.base-release:] AndroidManifest.xml:33:5-67
	android:name
		ADDED from [:lib.5plus.base-release:] AndroidManifest.xml:33:22-64
uses-permission#android.permission.WRITE_SMS
ADDED from [:lib.5plus.base-release:] AndroidManifest.xml:40:5-68
	android:name